<?xml version="1.0" encoding="UTF-8"?>
<!-- Generated by org.testng.reporters.JUnitReportReporter -->
<testsuite skipped="0" hostname="DESKTOP-HGMQ8IJ" name="TestCases.Democlass" tests="2" failures="0" timestamp="17 Jul 2019 07:43:01 GMT" time="0.012" errors="0">
  <testcase name="subt" time="0.001" classname="TestCases.Democlass"/>
  <testcase name="add" time="0.011" classname="TestCases.Democlass"/>
</testsuite> <!-- TestCases.Democlass -->
