<?xml version="1.0" encoding="UTF-8"?>
<!-- Generated by org.testng.reporters.JUnitReportReporter -->
<testsuite skipped="0" hostname="DESKTOP-HGMQ8IJ" name="Testcases.LoginTest" tests="1" failures="0" timestamp="18 Jul 2019 08:44:14 GMT" time="15.822" errors="0">
  <testcase name="login" time="15.822" classname="Testcases.LoginTest"/>
</testsuite> <!-- Testcases.LoginTest -->
