<?xml version="1.0" encoding="UTF-8"?>
<!-- Generated by org.testng.reporters.JUnitReportReporter -->
<testsuite skipped="0" hostname="DESKTOP-HGMQ8IJ" name="Testcases.DemoClass" tests="2" failures="0" timestamp="18 Jul 2019 07:56:00 GMT" time="0.013" errors="0">
  <testcase name="add" time="0.013" classname="Testcases.DemoClass"/>
  <testcase name="subt" time="0.000" classname="Testcases.DemoClass"/>
</testsuite> <!-- Testcases.DemoClass -->
